[12:58:07] [Client thread/INFO]: Setting user: Player116
[12:58:07] [Client thread/INFO]: (Session ID is token:0:Player116)
[12:58:08] [Client thread/INFO]: [OptiFine] *** Reflector Forge ***
[12:58:08] [Client thread/INFO]: [OptiFine] (Reflector) Class not present: net.minecraftforge.client.model.Attributes
[12:58:08] [Client thread/INFO]: [OptiFine] (Reflector) Class not present: mods.betterfoliage.client.BetterFoliageClient
[12:58:08] [Client thread/INFO]: [OptiFine] (Reflector) Class not present: net.minecraftforge.fml.common.asm.transformers.BlamingTransformer
[12:58:08] [Client thread/INFO]: [OptiFine] (Reflector) Class not present: net.minecraftforge.event.world.ChunkWatchEvent$UnWatch
[12:58:08] [Client thread/INFO]: [OptiFine] (Reflector) Class not present: net.minecraftforge.fml.relauncher.CoreModManager
[12:58:08] [Client thread/INFO]: [OptiFine] (Reflector) Class not present: net.minecraftforge.common.DimensionManager
[12:58:08] [Client thread/INFO]: [OptiFine] (Reflector) Class not present: net.minecraftforge.client.event.GuiScreenEvent$DrawScreenEvent$Pre
[12:58:08] [Client thread/INFO]: [OptiFine] (Reflector) Class not present: net.minecraftforge.client.event.GuiScreenEvent$DrawScreenEvent$Post
[12:58:08] [Client thread/INFO]: [OptiFine] (Reflector) Class not present: net.minecraftforge.client.event.EntityViewRenderEvent$CameraSetup
[12:58:08] [Client thread/INFO]: [OptiFine] (Reflector) Class not present: net.minecraftforge.client.event.EntityViewRenderEvent$FogColors
[12:58:09] [Client thread/INFO]: [OptiFine] (Reflector) Class not present: net.minecraftforge.fml.common.eventhandler.Event
[12:58:09] [Client thread/INFO]: [OptiFine] (Reflector) Class not present: net.minecraftforge.fml.common.eventhandler.EventBus
[12:58:09] [Client thread/INFO]: [OptiFine] (Reflector) Class not present: net.minecraftforge.fml.common.eventhandler.Event$Result
[12:58:09] [Client thread/INFO]: [OptiFine] (Reflector) Class not present: net.minecraftforge.common.property.ExtendedBlockState
[12:58:09] [Client thread/INFO]: [OptiFine] (Reflector) Class not present: net.minecraftforge.fml.client.FMLClientHandler
[12:58:09] [Client thread/INFO]: [OptiFine] (Reflector) Class not present: net.minecraftforge.fml.common.FMLCommonHandler
[12:58:09] [Client thread/INFO]: [OptiFine] (Reflector) Method not present: net.minecraft.world.biome.BiomeGenBase.getWaterColorMultiplier
[12:58:09] [Client thread/INFO]: [OptiFine] (Reflector) Method not present: net.minecraft.block.Block.addDestroyEffects
[12:58:09] [Client thread/INFO]: [OptiFine] (Reflector) Method not present: net.minecraft.block.Block.addHitEffects
[12:58:09] [Client thread/INFO]: [OptiFine] (Reflector) Method not present: net.minecraft.block.Block.canCreatureSpawn
[12:58:09] [Client thread/INFO]: [OptiFine] (Reflector) Method not present: net.minecraft.block.Block.canRenderInLayer
[12:58:09] [Client thread/INFO]: [OptiFine] (Reflector) Method not present: net.minecraft.block.Block.doesSideBlockRendering
[12:58:09] [Client thread/INFO]: [OptiFine] (Reflector) Method not present: net.minecraft.block.Block.getBedDirection
[12:58:09] [Client thread/INFO]: [OptiFine] (Reflector) Method not present: net.minecraft.block.Block.getExtendedState
[12:58:09] [Client thread/INFO]: [OptiFine] (Reflector) Method not present: net.minecraft.block.Block.hasTileEntity
[12:58:09] [Client thread/INFO]: [OptiFine] (Reflector) Method not present: net.minecraft.block.Block.isAir
[12:58:09] [Client thread/INFO]: [OptiFine] (Reflector) Method not present: net.minecraft.block.Block.isBed
[12:58:09] [Client thread/INFO]: [OptiFine] (Reflector) Method not present: net.minecraft.block.Block.isBedFoot
[12:58:09] [Client thread/INFO]: [OptiFine] (Reflector) Method not present: net.minecraft.block.Block.isSideSolid
[12:58:09] [Client thread/INFO]: [OptiFine] (Reflector) Method not present: net.minecraft.entity.Entity.canRiderInteract
[12:58:09] [Client thread/INFO]: [OptiFine] (Reflector) Field not present: net.minecraft.entity.Entity.captureDrops
[12:58:09] [Client thread/INFO]: [OptiFine] (Reflector) Field not present: net.minecraft.entity.Entity.capturedDrops
[12:58:09] [Client thread/INFO]: [OptiFine] (Reflector) Method not present: net.minecraft.entity.Entity.shouldRenderInPass
[12:58:09] [Client thread/INFO]: [OptiFine] (Reflector) Method not present: net.minecraft.entity.Entity.shouldRiderSit
[12:58:09] [Client thread/INFO]: [OptiFine] (Reflector) Class not present: net.minecraftforge.event.ForgeEventFactory
[12:58:09] [Client thread/INFO]: [OptiFine] (Reflector) Class not present: net.minecraftforge.common.ForgeHooks
[12:58:09] [Client thread/INFO]: [OptiFine] (Reflector) Class not present: net.minecraftforge.client.ForgeHooksClient
[12:58:09] [Client thread/INFO]: [OptiFine] (Reflector) Method not present: net.minecraft.item.Item.getDurabilityForDisplay
[12:58:09] [Client thread/INFO]: [OptiFine] (Reflector) Method not present: net.minecraft.item.Item.getModel
[12:58:09] [Client thread/INFO]: [OptiFine] (Reflector) Method not present: net.minecraft.item.Item.onEntitySwing
[12:58:09] [Client thread/INFO]: [OptiFine] (Reflector) Method not present: net.minecraft.item.Item.shouldCauseReequipAnimation
[12:58:09] [Client thread/INFO]: [OptiFine] (Reflector) Method not present: net.minecraft.item.Item.showDurabilityBar
[12:58:09] [Client thread/INFO]: [OptiFine] (Reflector) Method not present: net.minecraft.item.ItemRecord.getRecordResource
[12:58:09] [Client thread/INFO]: [OptiFine] (Reflector) Class not present: net.minecraftforge.common.ForgeModContainer
[12:58:09] [Client thread/INFO]: [OptiFine] (Reflector) Method not present: net.minecraft.potion.PotionEffect.isCurativeItem
[12:58:09] [Client thread/INFO]: [OptiFine] (Reflector) Method not present: net.minecraft.tileentity.TileEntity.canRenderBreaking
[12:58:09] [Client thread/INFO]: [OptiFine] (Reflector) Method not present: net.minecraft.tileentity.TileEntity.getRenderBoundingBox
[12:58:09] [Client thread/INFO]: [OptiFine] (Reflector) Method not present: net.minecraft.tileentity.TileEntity.hasFastRenderer
[12:58:09] [Client thread/INFO]: [OptiFine] (Reflector) Method not present: net.minecraft.tileentity.TileEntity.shouldRenderInPass
[12:58:09] [Client thread/INFO]: [OptiFine] (Reflector) Method not present: net.minecraft.client.renderer.tileentity.TileEntityRendererDispatcher.preDrawBatch
[12:58:09] [Client thread/INFO]: [OptiFine] (Reflector) Method not present: net.minecraft.client.renderer.tileentity.TileEntityRendererDispatcher.drawBatch
[12:58:09] [Client thread/INFO]: [OptiFine] (Reflector) Method not present: net.minecraft.client.renderer.vertex.VertexFormatElement$EnumUsage.preDraw
[12:58:09] [Client thread/INFO]: [OptiFine] (Reflector) Method not present: net.minecraft.client.renderer.vertex.VertexFormatElement$EnumUsage.postDraw
[12:58:09] [Client thread/INFO]: [OptiFine] (Reflector) Method not present: net.minecraft.world.World.countEntities
[12:58:09] [Client thread/INFO]: [OptiFine] (Reflector) Method not present: net.minecraft.world.World.getPerWorldStorage
[12:58:09] [Client thread/INFO]: [OptiFine] (Reflector) Method not present: net.minecraft.world.WorldProvider.getCloudRenderer
[12:58:09] [Client thread/INFO]: [OptiFine] (Reflector) Method not present: net.minecraft.world.WorldProvider.getSkyRenderer
[12:58:09] [Client thread/INFO]: [OptiFine] (Reflector) Method not present: net.minecraft.world.WorldProvider.getWeatherRenderer
[12:58:09] [Client thread/INFO]: [OptiFine] (Reflector) Class not present: net.minecraftforge.fml.client.GuiModList
[12:58:09] [Client thread/INFO]: [OptiFine] (Reflector) Class not present: net.minecraftforge.client.model.IColoredBakedQuad
[12:58:09] [Client thread/INFO]: [OptiFine] (Reflector) Class not present: net.minecraftforge.common.property.IExtendedBlockState
[12:58:09] [Client thread/INFO]: [OptiFine] (Reflector) Class not present: net.minecraftforge.client.IRenderHandler
[12:58:09] [Client thread/INFO]: [OptiFine] (Reflector) Class not present: net.minecraftforge.client.model.ISmartBlockModel
[12:58:09] [Client thread/INFO]: [OptiFine] (Reflector) Class not present: net.minecraftforge.client.ItemModelMesherForge
[12:58:09] [Client thread/INFO]: [OptiFine] (Reflector) Class not present: net.minecraft.launchwrapper.Launch
[12:58:09] [Client thread/INFO]: [OptiFine] (Reflector) Class not present: net.minecraftforge.client.model.pipeline.LightUtil
[12:58:09] [Client thread/INFO]: [OptiFine] (Reflector) Class not present: net.minecraftforge.common.MinecraftForge
[12:58:09] [Client thread/INFO]: [OptiFine] (Reflector) Class not present: net.minecraftforge.client.MinecraftForgeClient
[12:58:09] [Client thread/INFO]: [OptiFine] (Reflector) Class not present: net.minecraftforge.client.model.ModelLoader
[12:58:09] [Client thread/INFO]: [OptiFine] (Reflector) Class not present: net.minecraftforge.client.event.RenderBlockOverlayEvent$OverlayType
[12:58:09] [Client thread/INFO]: [OptiFine] (Reflector) Class not present: net.minecraftforge.fml.client.registry.RenderingRegistry
[12:58:09] [Client thread/INFO]: [OptiFine] (Reflector) Class not present: net.minecraftforge.client.event.RenderItemInFrameEvent
[12:58:09] [Client thread/INFO]: [OptiFine] (Reflector) Class not present: net.minecraftforge.client.event.RenderLivingEvent$Pre
[12:58:09] [Client thread/INFO]: [OptiFine] (Reflector) Class not present: net.minecraftforge.client.event.RenderLivingEvent$Post
[12:58:09] [Client thread/INFO]: [OptiFine] (Reflector) Class not present: net.minecraftforge.client.event.RenderLivingEvent$Specials$Pre
[12:58:09] [Client thread/INFO]: [OptiFine] (Reflector) Class not present: net.minecraftforge.client.event.RenderLivingEvent$Specials$Post
[12:58:09] [Client thread/INFO]: [OptiFine] (Reflector) Class not present: net.minecraftforge.fml.client.SplashProgress
[12:58:09] [Client thread/INFO]: [OptiFine] (Reflector) Class not present: net.minecraftforge.event.world.WorldEvent$Load
[12:58:09] [Client thread/INFO]: [OptiFine] *** Reflector Vanilla ***
[12:58:09] [Client thread/INFO]: [OptiFine] (Reflector) Class not present: optifine.OptiFineClassTransformer
[12:58:09] [Client thread/INFO]: LWJGL Version: 2.9.4
[12:58:09] [Client thread/INFO]: [OptiFine] 
[12:58:09] [Client thread/INFO]: [OptiFine] OptiFine_1.8.8_HD_U_H8
[12:58:09] [Client thread/INFO]: [OptiFine] Build: null
[12:58:09] [Client thread/INFO]: [OptiFine] OS: Windows 10 (amd64) version 10.0
[12:58:09] [Client thread/INFO]: [OptiFine] Java: 1.8.0_281, Oracle Corporation
[12:58:09] [Client thread/INFO]: [OptiFine] VM: Java HotSpot(TM) 64-Bit Server VM (mixed mode), Oracle Corporation
[12:58:09] [Client thread/INFO]: [OptiFine] LWJGL: 2.9.4
[12:58:09] [Client thread/INFO]: [OptiFine] OpenGL: GeForce GT 1030/PCIe/SSE2, version 4.6.0 NVIDIA 461.40, NVIDIA Corporation
[12:58:09] [Client thread/INFO]: [OptiFine] OpenGL Version: 4.6.0
[12:58:09] [Client thread/INFO]: [OptiFine] Maximum texture size: 32768x32768
[12:58:09] [Thread-6/INFO]: [OptiFine] Checking for new version
[12:58:09] [Client thread/INFO]: [Shaders] ShadersMod version: 2.4.12
[12:58:09] [Client thread/INFO]: [Shaders] OpenGL Version: 4.6.0 NVIDIA 461.40
[12:58:09] [Client thread/INFO]: [Shaders] Vendor:  NVIDIA Corporation
[12:58:09] [Client thread/INFO]: [Shaders] Renderer: GeForce GT 1030/PCIe/SSE2
[12:58:09] [Client thread/INFO]: [Shaders] Capabilities:  2.0  2.1  3.0  3.2  4.0 
[12:58:09] [Client thread/INFO]: [Shaders] GL_MAX_DRAW_BUFFERS: 8
[12:58:09] [Client thread/INFO]: [Shaders] GL_MAX_COLOR_ATTACHMENTS_EXT: 8
[12:58:09] [Client thread/INFO]: [Shaders] GL_MAX_TEXTURE_IMAGE_UNITS: 32
[12:58:09] [Client thread/INFO]: [Shaders] Load ShadersMod configuration.
[12:58:09] [Client thread/INFO]: [Shaders] Save ShadersMod configuration.
[12:58:09] [Client thread/INFO]: [Shaders] Shaders can not be loaded, Fast Render is enabled.
[12:58:09] [Client thread/INFO]: [Shaders] No shaderpack loaded.
[12:58:09] [Client thread/INFO]: Reloading ResourceManager: Default
[12:58:09] [Client thread/INFO]: [OptiFine] *** Reloading textures ***
[12:58:09] [Client thread/INFO]: [OptiFine] Resource packs: Default
[12:58:09] [Sound Library Loader/INFO]: Starting up SoundSystem...
[12:58:09] [Thread-6/INFO]: [OptiFine] Version found: I7
[12:58:09] [Thread-7/INFO]: Initializing LWJGL OpenAL
[12:58:09] [Thread-7/INFO]: (The LWJGL binding of OpenAL.  For more information, see http://www.lwjgl.org)
[12:58:10] [Thread-7/INFO]: OpenAL initialized.
[12:58:10] [Sound Library Loader/INFO]: Sound engine started
[12:58:12] [Client thread/INFO]: [OptiFine] Mipmap levels: 4
[12:58:12] [Client thread/INFO]: [OptiFine] Multitexture: false
[12:58:12] [Client thread/INFO]: [OptiFine] ConnectedTextures: mcpatcher/ctm/default/0_glass_white/glass_pane_white.properties
[12:58:12] [Client thread/INFO]: [OptiFine] ConnectedTextures: mcpatcher/ctm/default/0_glass_white/glass_white.properties
[12:58:12] [Client thread/INFO]: [OptiFine] ConnectedTextures: mcpatcher/ctm/default/10_glass_purple/glass_pane_purple.properties
[12:58:12] [Client thread/INFO]: [OptiFine] ConnectedTextures: mcpatcher/ctm/default/10_glass_purple/glass_purple.properties
[12:58:12] [Client thread/INFO]: [OptiFine] ConnectedTextures: mcpatcher/ctm/default/11_glass_blue/glass_blue.properties
[12:58:12] [Client thread/INFO]: [OptiFine] ConnectedTextures: mcpatcher/ctm/default/11_glass_blue/glass_pane_blue.properties
[12:58:12] [Client thread/INFO]: [OptiFine] ConnectedTextures: mcpatcher/ctm/default/12_glass_brown/glass_brown.properties
[12:58:12] [Client thread/INFO]: [OptiFine] ConnectedTextures: mcpatcher/ctm/default/12_glass_brown/glass_pane_brown.properties
[12:58:12] [Client thread/INFO]: [OptiFine] ConnectedTextures: mcpatcher/ctm/default/13_glass_green/glass_green.properties
[12:58:12] [Client thread/INFO]: [OptiFine] ConnectedTextures: mcpatcher/ctm/default/13_glass_green/glass_pane_green.properties
[12:58:12] [Client thread/INFO]: [OptiFine] ConnectedTextures: mcpatcher/ctm/default/14_glass_red/glass_pane_red.properties
[12:58:12] [Client thread/INFO]: [OptiFine] ConnectedTextures: mcpatcher/ctm/default/14_glass_red/glass_red.properties
[12:58:12] [Client thread/INFO]: [OptiFine] ConnectedTextures: mcpatcher/ctm/default/15_glass_black/glass_black.properties
[12:58:12] [Client thread/INFO]: [OptiFine] ConnectedTextures: mcpatcher/ctm/default/15_glass_black/glass_pane_black.properties
[12:58:12] [Client thread/INFO]: [OptiFine] ConnectedTextures: mcpatcher/ctm/default/1_glass_orange/glass_orange.properties
[12:58:12] [Client thread/INFO]: [OptiFine] ConnectedTextures: mcpatcher/ctm/default/1_glass_orange/glass_pane_orange.properties
[12:58:12] [Client thread/INFO]: [OptiFine] ConnectedTextures: mcpatcher/ctm/default/2_glass_magenta/glass_magenta.properties
[12:58:12] [Client thread/INFO]: [OptiFine] ConnectedTextures: mcpatcher/ctm/default/2_glass_magenta/glass_pane_magenta.properties
[12:58:12] [Client thread/INFO]: [OptiFine] ConnectedTextures: mcpatcher/ctm/default/3_glass_light_blue/glass_light_blue.properties
[12:58:12] [Client thread/INFO]: [OptiFine] ConnectedTextures: mcpatcher/ctm/default/3_glass_light_blue/glass_pane_light_blue.properties
[12:58:12] [Client thread/INFO]: [OptiFine] ConnectedTextures: mcpatcher/ctm/default/4_glass_yellow/glass_pane_yellow.properties
[12:58:12] [Client thread/INFO]: [OptiFine] ConnectedTextures: mcpatcher/ctm/default/4_glass_yellow/glass_yellow.properties
[12:58:12] [Client thread/INFO]: [OptiFine] ConnectedTextures: mcpatcher/ctm/default/5_glass_lime/glass_lime.properties
[12:58:12] [Client thread/INFO]: [OptiFine] ConnectedTextures: mcpatcher/ctm/default/5_glass_lime/glass_pane_lime.properties
[12:58:12] [Client thread/INFO]: [OptiFine] ConnectedTextures: mcpatcher/ctm/default/6_glass_pink/glass_pane_pink.properties
[12:58:12] [Client thread/INFO]: [OptiFine] ConnectedTextures: mcpatcher/ctm/default/6_glass_pink/glass_pink.properties
[12:58:12] [Client thread/INFO]: [OptiFine] ConnectedTextures: mcpatcher/ctm/default/7_glass_gray/glass_gray.properties
[12:58:12] [Client thread/INFO]: [OptiFine] ConnectedTextures: mcpatcher/ctm/default/7_glass_gray/glass_pane_gray.properties
[12:58:12] [Client thread/INFO]: [OptiFine] ConnectedTextures: mcpatcher/ctm/default/8_glass_silver/glass_pane_silver.properties
[12:58:12] [Client thread/INFO]: [OptiFine] ConnectedTextures: mcpatcher/ctm/default/8_glass_silver/glass_silver.properties
[12:58:12] [Client thread/INFO]: [OptiFine] ConnectedTextures: mcpatcher/ctm/default/9_glass_cyan/glass_cyan.properties
[12:58:12] [Client thread/INFO]: [OptiFine] ConnectedTextures: mcpatcher/ctm/default/9_glass_cyan/glass_pane_cyan.properties
[12:58:12] [Client thread/INFO]: [OptiFine] ConnectedTextures: mcpatcher/ctm/default/bookshelf.properties
[12:58:12] [Client thread/INFO]: [OptiFine] ConnectedTextures: mcpatcher/ctm/default/glass.properties
[12:58:12] [Client thread/INFO]: [OptiFine] ConnectedTextures: mcpatcher/ctm/default/glasspane.properties
[12:58:12] [Client thread/INFO]: [OptiFine] ConnectedTextures: mcpatcher/ctm/default/sandstone.properties
[12:58:12] [Client thread/INFO]: [OptiFine] Multipass connected textures: false
[12:58:14] [Client thread/INFO]: Created: 1024x512 textures-atlas
[12:58:16] [Client thread/INFO]: Loading translations...
[12:58:16] [Client thread/INFO]: Registering protocols...
[12:58:16] [Via-Mappingloader-0/INFO]: Loading 1.12 -> 1.13 mappings...
[12:58:16] [Via-Mappingloader-1/INFO]: Loading 1.13 -> 1.13.2 mappings...
[12:58:16] [Via-Mappingloader-2/INFO]: Loading 1.13.2 -> 1.14 mappings...
[12:58:16] [Via-Mappingloader-3/INFO]: Loading 1.14 -> 1.15 mappings...
[12:58:16] [Via-Mappingloader-1/INFO]: Loading 1.16 -> 1.16.2 mappings...
[12:58:17] [Via-Mappingloader-4/INFO]: Loading 1.15 -> 1.16 mappings...
[12:58:17] [Via-Mappingloader-5/INFO]: Loading 1.16.2 -> 1.17 mappings...
[12:58:17] [Via-Mappingloader-0/INFO]: Loading block connection mappings ...
[12:58:17] [Via-Mappingloader-4/INFO]: Loading 1.13.2 -> 1.13 mappings...
[12:58:17] [Via-Mappingloader-5/INFO]: Loading 1.14 -> 1.13.2 mappings...
[12:58:17] [Via-Mappingloader-5/INFO]: Loading 1.15 -> 1.14 mappings...
[12:58:17] [Via-Mappingloader-5/INFO]: Loading 1.16 -> 1.15 mappings...
[12:58:17] [Via-Mappingloader-1/INFO]: Loading 1.16.2 -> 1.16 mappings...
[12:58:17] [Via-Mappingloader-4/INFO]: Loading 1.17 -> 1.16.2 mappings...
[12:58:17] [ViaFabric-0/INFO]: ViaVersion detected server version: 1.8.x(47)
[12:58:17] [ViaFabric-0/WARN]: This version of Minecraft is over half a decade old and support for it will be fully dropped eventually. Please upgrade to a newer version to avoid encountering bugs and stability issues that have long been fixed.
[12:58:17] [Via-Mappingloader-5/INFO]: Loading 1.13 -> 1.12 mappings...
[12:58:18] [Client thread/INFO]: [OptiFine] *** Reloading custom textures ***
[12:58:18] [Client thread/INFO]: [OptiFine] Enable face culling: acacia_leaves, birch_leaves, dark_oak_leaves, jungle_leaves, oak_leaves, spruce_leaves
[12:58:18] [ViaFabric-0/INFO]: Shutting down mapping loader executor!
[12:58:18] [ViaFabric-0/WARN]: You are running a newer version than is released!
[12:58:21] [Server thread/INFO]: Starting integrated minecraft server version 1.8.8
[12:58:21] [Server thread/INFO]: Generating keypair
[12:58:21] [Server thread/INFO]: Preparing start region for level 0
[12:58:22] [Server thread/INFO]: Changing view distance to 8, from 10
[12:58:23] [Server thread/INFO]: Player116[local:E:65073a31] logged in with entity id 359 at (593.468812858453, 67.0, 165.83572796000092)
[12:58:23] [Server thread/INFO]: Player116 joined the game
[12:58:23] [Client thread/INFO]: [CHAT] A new §eOptiFine§f version is available: §eHD Ultra I7§f
[12:58:29] [Server thread/INFO]: Player116 has just earned the achievement [Taking Inventory]
[12:58:29] [Client thread/INFO]: [CHAT] Player116 has just earned the achievement [Taking Inventory]
[12:59:26] [Server thread/INFO]: Saving and pausing game...
[12:59:26] [Server thread/INFO]: Saving chunks for level 'mcpworld'/Overworld
[12:59:26] [Server thread/INFO]: Saving chunks for level 'mcpworld'/Nether
[12:59:26] [Server thread/INFO]: Saving chunks for level 'mcpworld'/The End
[13:06:35] [Client thread/INFO]: Stopping!
[13:06:35] [Client thread/INFO]: SoundSystem shutting down...
[13:06:35] [Server thread/INFO]: Stopping server
[13:06:35] [Server thread/INFO]: Saving players
[13:06:35] [Server thread/INFO]: Saving worlds
[13:06:35] [Server thread/INFO]: Saving chunks for level 'mcpworld'/Overworld
[13:06:35] [Server thread/INFO]: Saving chunks for level 'mcpworld'/Nether
[13:06:35] [Server thread/INFO]: Saving chunks for level 'mcpworld'/The End
[13:06:35] [Client thread/WARN]: Author: Paul Lamb, www.paulscode.com
